Flow report for ula_vhdl_8bits
Sun Jul 05 02:12:16 2015
Quartus II 64-Bit Version 15.0.0 Build 145 04/22/2015 SJ Web Edition


---------------------
; Table of Contents ;
---------------------
  1. Legal Notice
  2. Flow Summary
  3. Flow Settings
  4. Flow Non-Default Global Settings
  5. Flow Elapsed Time
  6. Flow OS Summary
  7. Flow Log
  8. Flow Messages
  9. Flow Suppressed Messages



----------------
; Legal Notice ;
----------------
Copyright (C) 1991-2015 Altera Corporation. All rights reserved.
Your use of Altera Corporation's design tools, logic functions 
and other software and tools, and its AMPP partner logic 
functions, and any output files from any of the foregoing 
(including device programming or simulation files), and any 
associated documentation or information are expressly subject 
to the terms and conditions of the Altera Program License 
Subscription Agreement, the Altera Quartus II License Agreement,
the Altera MegaCore Function License Agreement, or other 
applicable license agreement, including, without limitation, 
that your use is for the sole purpose of programming logic 
devices manufactured by Altera and sold by Altera or its 
authorized distributors.  Please refer to the applicable 
agreement for further details.



+---------------------------------------------------------------------------------+
; Flow Summary                                                                    ;
+------------------------------------+--------------------------------------------+
; Flow Status                        ; Successful - Sun Jul 05 02:12:16 2015      ;
; Quartus II 64-Bit Version          ; 15.0.0 Build 145 04/22/2015 SJ Web Edition ;
; Revision Name                      ; ula_vhdl_8bits                             ;
; Top-level Entity Name              ; ula_vhdl_8bits                             ;
; Family                             ; Cyclone IV E                               ;
; Device                             ; EP4CE115F29I7                              ;
; Timing Models                      ; Final                                      ;
; Total logic elements               ; 86 / 114,480 ( < 1 % )                     ;
;     Total combinational functions  ; 86 / 114,480 ( < 1 % )                     ;
;     Dedicated logic registers      ; 0 / 114,480 ( 0 % )                        ;
; Total registers                    ; 0                                          ;
; Total pins                         ; 28 / 529 ( 5 % )                           ;
; Total virtual pins                 ; 0                                          ;
; Total memory bits                  ; 0 / 3,981,312 ( 0 % )                      ;
; Embedded Multiplier 9-bit elements ; 0 / 532 ( 0 % )                            ;
; Total PLLs                         ; 0 / 4 ( 0 % )                              ;
+------------------------------------+--------------------------------------------+


+-----------------------------------------+
; Flow Settings                           ;
+-------------------+---------------------+
; Option            ; Setting             ;
+-------------------+---------------------+
; Start date & time ; 07/05/2015 02:11:13 ;
; Main task         ; Compilation         ;
; Revision Name     ; ula_vhdl_8bits      ;
+-------------------+---------------------+


+----------------------------------------------------------------------------------------------------------------------------+
; Flow Non-Default Global Settings                                                                                           ;
+-------------------------------------+---------------------------------------+---------------+-------------+----------------+
; Assignment Name                     ; Value                                 ; Default Value ; Entity Name ; Section Id     ;
+-------------------------------------+---------------------------------------+---------------+-------------+----------------+
; COMPILER_SIGNATURE_ID               ; 1095859510642.143607307318960         ; --            ; --          ; --             ;
; EDA_OUTPUT_DATA_FORMAT              ; Vhdl                                  ; --            ; --          ; eda_simulation ;
; EDA_SIMULATION_TOOL                 ; ModelSim-Altera (VHDL)                ; <None>        ; --          ; --             ;
; MAX_CORE_JUNCTION_TEMP              ; 100                                   ; --            ; --          ; --             ;
; MIN_CORE_JUNCTION_TEMP              ; -40                                   ; --            ; --          ; --             ;
; NOMINAL_CORE_SUPPLY_VOLTAGE         ; 1.2V                                  ; --            ; --          ; --             ;
; PARTITION_COLOR                     ; 16764057                              ; --            ; --          ; Top            ;
; PARTITION_FITTER_PRESERVATION_LEVEL ; PLACEMENT_AND_ROUTING                 ; --            ; --          ; Top            ;
; PARTITION_NETLIST_TYPE              ; SOURCE                                ; --            ; --          ; Top            ;
; POWER_BOARD_THERMAL_MODEL           ; None (CONSERVATIVE)                   ; --            ; --          ; --             ;
; POWER_PRESET_COOLING_SOLUTION       ; 23 MM HEAT SINK WITH 200 LFPM AIRFLOW ; --            ; --          ; --             ;
; PROJECT_OUTPUT_DIRECTORY            ; output_files                          ; --            ; --          ; --             ;
+-------------------------------------+---------------------------------------+---------------+-------------+----------------+


+-------------------------------------------------------------------------------------------------------------------------------+
; Flow Elapsed Time                                                                                                             ;
+---------------------------+--------------+-------------------------+---------------------+------------------------------------+
; Module Name               ; Elapsed Time ; Average Processors Used ; Peak Virtual Memory ; Total CPU Time (on all processors) ;
+---------------------------+--------------+-------------------------+---------------------+------------------------------------+
; Analysis & Synthesis      ; 00:00:19     ; 1.0                     ; 719 MB              ; 00:00:36                           ;
; Fitter                    ; 00:00:21     ; 1.6                     ; 1561 MB             ; 00:00:27                           ;
; Assembler                 ; 00:00:08     ; 1.0                     ; 622 MB              ; 00:00:08                           ;
; TimeQuest Timing Analyzer ; 00:00:03     ; 1.0                     ; 789 MB              ; 00:00:03                           ;
; EDA Netlist Writer        ; 00:00:01     ; 1.0                     ; 590 MB              ; 00:00:01                           ;
; Total                     ; 00:00:52     ; --                      ; --                  ; 00:01:15                           ;
+---------------------------+--------------+-------------------------+---------------------+------------------------------------+


+----------------------------------------------------------------------------------------+
; Flow OS Summary                                                                        ;
+---------------------------+------------------+-----------+------------+----------------+
; Module Name               ; Machine Hostname ; OS Name   ; OS Version ; Processor type ;
+---------------------------+------------------+-----------+------------+----------------+
; Analysis & Synthesis      ; dktp-home        ; Windows 7 ; 6.2        ; x86_64         ;
; Fitter                    ; dktp-home        ; Windows 7 ; 6.2        ; x86_64         ;
; Assembler                 ; dktp-home        ; Windows 7 ; 6.2        ; x86_64         ;
; TimeQuest Timing Analyzer ; dktp-home        ; Windows 7 ; 6.2        ; x86_64         ;
; EDA Netlist Writer        ; dktp-home        ; Windows 7 ; 6.2        ; x86_64         ;
+---------------------------+------------------+-----------+------------+----------------+


------------
; Flow Log ;
------------
quartus_map --read_settings_files=on --write_settings_files=off ula_vhdl_8bits -c ula_vhdl_8bits
quartus_fit --read_settings_files=off --write_settings_files=off ula_vhdl_8bits -c ula_vhdl_8bits
quartus_asm --read_settings_files=off --write_settings_files=off ula_vhdl_8bits -c ula_vhdl_8bits
quartus_sta ula_vhdl_8bits -c ula_vhdl_8bits
quartus_eda --read_settings_files=off --write_settings_files=off ula_vhdl_8bits -c ula_vhdl_8bits



